<?xml version="1.0" encoding="UTF-8"?>
<testsuite xmlns:xsi="http://www.w3.org/2001/XMLSchema-instance" xsi:noNamespaceSchemaLocation="https://maven.apache.org/surefire/maven-surefire-plugin/xsd/surefire-test-report.xsd" version="3.0.2" name="edu.comillas.icai.gitt.pat.spring.jpa3.E2E.PistaPadelE2EFullTest" time="9.72" tests="5" errors="0" skipped="0" failures="0">
  <properties>
[...]
</properties>
  <testcase name="availabilityTest" classname="edu.comillas.icai.gitt.pat.spring.jpa3.E2E.PistaPadelE2EFullTest" time="1.313">
    <system-out><![CDATA[2026-05-15T22:45:19.685+02:00  INFO 1160 --- [jpa3] [           main] t.c.s.AnnotationConfigContextLoaderUtils : Could not detect default configuration classes for test class [edu.comillas.icai.gitt.pat.spring.jpa3.E2E.PistaPadelE2EFullTest]: PistaPadelE2EFullTest does not declare any static, non-private, non-final, nested classes annotated with @Configuration.
2026-05-15T22:45:19.706+02:00  INFO 1160 --- [jpa3] [           main] .b.t.c.SpringBootTestContextBootstrapper : Found @SpringBootConfiguration edu.comillas.icai.gitt.pat.spring.jpa3.Jpa3Application for test class edu.comillas.icai.gitt.pat.spring.jpa3.E2E.PistaPadelE2EFullTest

  .   ____          _            __ _ _
 /\\ / ___'_ __ _ _(_)_ __  __ _ \ \ \ \
( ( )\___ | '_ | '_| | '_ \/ _` | \ \ \ \
 \\/  ___)| |_)| | | | | || (_| |  ) ) ) )
  '  |____| .__|_| |_|_| |_\__, | / / / /
 =========|_|==============|___/=/_/_/_/

 :: Spring Boot ::      (v3.5.11-SNAPSHOT)

2026-05-15T22:45:19.774+02:00  INFO 1160 --- [jpa3] [           main] e.c.i.g.p.s.j.E2E.PistaPadelE2EFullTest  : Starting PistaPadelE2EFullTest using Java 21.0.10 with PID 1160 (started by lopez in C:\Users\lopez\OneDrive - Universidad Pontificia Comillas\Documentos\comillas\Aplicaciones\ProyectoFINALPAT\FrontEnd-PadelClub)
2026-05-15T22:45:19.775+02:00  INFO 1160 --- [jpa3] [           main] e.c.i.g.p.s.j.E2E.PistaPadelE2EFullTest  : No active profile set, falling back to 1 default profile: "default"
2026-05-15T22:45:20.384+02:00  INFO 1160 --- [jpa3] [           main] .s.d.r.c.RepositoryConfigurationDelegate : Bootstrapping Spring Data JPA repositories in DEFAULT mode.
2026-05-15T22:45:20.545+02:00  INFO 1160 --- [jpa3] [           main] .s.d.r.c.RepositoryConfigurationDelegate : Finished Spring Data repository scanning in 142 ms. Found 4 JPA repository interfaces.
2026-05-15T22:45:20.767+02:00  INFO 1160 --- [jpa3] [           main] beddedDataSourceBeanFactoryPostProcessor : Replacing 'dataSource' DataSource bean with embedded version
2026-05-15T22:45:21.360+02:00  INFO 1160 --- [jpa3] [           main] o.s.b.w.embedded.tomcat.TomcatWebServer  : Tomcat initialized with port 8080 (http)
2026-05-15T22:45:21.374+02:00  INFO 1160 --- [jpa3] [           main] o.apache.catalina.core.StandardService   : Starting service [Tomcat]
2026-05-15T22:45:21.374+02:00  INFO 1160 --- [jpa3] [           main] o.apache.catalina.core.StandardEngine    : Starting Servlet engine: [Apache Tomcat/10.1.52]
2026-05-15T22:45:21.430+02:00  INFO 1160 --- [jpa3] [           main] o.a.c.c.C.[Tomcat].[localhost].[/]       : Initializing Spring embedded WebApplicationContext
2026-05-15T22:45:21.431+02:00  INFO 1160 --- [jpa3] [           main] w.s.c.ServletWebServerApplicationContext : Root WebApplicationContext: initialization completed in 1653 ms
2026-05-15T22:45:21.554+02:00  INFO 1160 --- [jpa3] [           main] o.s.j.d.e.EmbeddedDatabaseFactory        : Starting embedded database: url='jdbc:h2:mem:afa1dd78-cb4d-49d8-94da-914309862bb0;DB_CLOSE_DELAY=-1;DB_CLOSE_ON_EXIT=false', username='sa'
2026-05-15T22:45:22.069+02:00  INFO 1160 --- [jpa3] [           main] o.hibernate.jpa.internal.util.LogHelper  : HHH000204: Processing PersistenceUnitInfo [name: default]
2026-05-15T22:45:22.220+02:00  INFO 1160 --- [jpa3] [           main] org.hibernate.Version                    : HHH000412: Hibernate ORM core version 6.6.42.Final
2026-05-15T22:45:22.316+02:00  INFO 1160 --- [jpa3] [           main] o.h.c.internal.RegionFactoryInitiator    : HHH000026: Second-level cache disabled
2026-05-15T22:45:22.483+02:00  INFO 1160 --- [jpa3] [           main] o.s.o.j.p.SpringPersistenceUnitInfo      : No LoadTimeWeaver setup: ignoring JPA class transformer
2026-05-15T22:45:22.564+02:00  INFO 1160 --- [jpa3] [           main] org.hibernate.orm.connections.pooling    : HHH10001005: Database info:
	Database JDBC URL [Connecting through datasource 'org.springframework.jdbc.datasource.embedded.EmbeddedDatabaseFactory$EmbeddedDataSourceProxy@7aafac17']
	Database driver: undefined/unknown
	Database version: 2.3.232
	Autocommit mode: undefined/unknown
	Isolation level: undefined/unknown
	Minimum pool size: undefined/unknown
	Maximum pool size: undefined/unknown
2026-05-15T22:45:23.372+02:00  INFO 1160 --- [jpa3] [           main] o.h.e.t.j.p.i.JtaPlatformInitiator       : HHH000489: No JTA platform available (set 'hibernate.transaction.jta.platform' to enable JTA platform integration)
2026-05-15T22:45:23.431+02:00  INFO 1160 --- [jpa3] [           main] j.LocalContainerEntityManagerFactoryBean : Initialized JPA EntityManagerFactory for persistence unit 'default'
2026-05-15T22:45:23.937+02:00  WARN 1160 --- [jpa3] [           main] JpaBaseConfiguration$JpaWebConfiguration : spring.jpa.open-in-view is enabled by default. Therefore, database queries may be performed during view rendering. Explicitly configure spring.jpa.open-in-view to disable this warning
2026-05-15T22:45:24.054+02:00  INFO 1160 --- [jpa3] [           main] r$InitializeUserDetailsManagerConfigurer : Global AuthenticationManager configured with UserDetailsService bean with name customUserDetailsService
2026-05-15T22:45:24.177+02:00  INFO 1160 --- [jpa3] [           main] o.s.b.a.h2.H2ConsoleAutoConfiguration    : H2 console available at '/h2-console'. Database available at 'jdbc:h2:mem:afa1dd78-cb4d-49d8-94da-914309862bb0'
2026-05-15T22:45:24.482+02:00  INFO 1160 --- [jpa3] [           main] o.s.b.w.embedded.tomcat.TomcatWebServer  : Tomcat started on port 8080 (http) with context path '/'
2026-05-15T22:45:24.495+02:00  INFO 1160 --- [jpa3] [           main] e.c.i.g.p.s.j.E2E.PistaPadelE2EFullTest  : Started PistaPadelE2EFullTest in 4.774 seconds (process running for 11.571)
2026-05-15T22:45:24.508+02:00  INFO 1160 --- [jpa3] [           main] o.s.b.w.e.tomcat.GracefulShutdown        : Commencing graceful shutdown. Waiting for active requests to complete
2026-05-15T22:45:24.510+02:00  INFO 1160 --- [jpa3] [   scheduling-1] e.c.i.g.p.spring.jpa3.TareasProgramadas  : Tarea de mantenimiento completada.
2026-05-15T22:45:24.520+02:00  INFO 1160 --- [jpa3] [tomcat-shutdown] o.s.b.w.e.tomcat.GracefulShutdown        : Graceful shutdown complete
2026-05-15T22:45:24.525+02:00  INFO 1160 --- [jpa3] [           main] j.LocalContainerEntityManagerFactoryBean : Closing JPA EntityManagerFactory for persistence unit 'default'

  .   ____          _            __ _ _
 /\\ / ___'_ __ _ _(_)_ __  __ _ \ \ \ \
( ( )\___ | '_ | '_| | '_ \/ _` | \ \ \ \
 \\/  ___)| |_)| | | | | || (_| |  ) ) ) )
  '  |____| .__|_| |_|_| |_\__, | / / / /
 =========|_|==============|___/=/_/_/_/

 :: Spring Boot ::      (v3.5.11-SNAPSHOT)

2026-05-15T22:45:24.571+02:00  INFO 1160 --- [jpa3] [           main] e.c.i.g.p.s.j.E2E.PistaPadelE2EFullTest  : Starting PistaPadelE2EFullTest using Java 21.0.10 with PID 1160 (started by lopez in C:\Users\lopez\OneDrive - Universidad Pontificia Comillas\Documentos\comillas\Aplicaciones\ProyectoFINALPAT\FrontEnd-PadelClub)
2026-05-15T22:45:24.572+02:00  INFO 1160 --- [jpa3] [           main] e.c.i.g.p.s.j.E2E.PistaPadelE2EFullTest  : No active profile set, falling back to 1 default profile: "default"
2026-05-15T22:45:24.753+02:00  INFO 1160 --- [jpa3] [           main] .s.d.r.c.RepositoryConfigurationDelegate : Bootstrapping Spring Data JPA repositories in DEFAULT mode.
2026-05-15T22:45:24.770+02:00  INFO 1160 --- [jpa3] [           main] .s.d.r.c.RepositoryConfigurationDelegate : Finished Spring Data repository scanning in 14 ms. Found 4 JPA repository interfaces.
2026-05-15T22:45:24.815+02:00  INFO 1160 --- [jpa3] [           main] beddedDataSourceBeanFactoryPostProcessor : Replacing 'dataSource' DataSource bean with embedded version
2026-05-15T22:45:24.881+02:00  INFO 1160 --- [jpa3] [           main] o.s.b.w.embedded.tomcat.TomcatWebServer  : Tomcat initialized with port 8080 (http)
2026-05-15T22:45:24.882+02:00  INFO 1160 --- [jpa3] [           main] o.apache.catalina.core.StandardService   : Starting service [Tomcat]
2026-05-15T22:45:24.882+02:00  INFO 1160 --- [jpa3] [           main] o.apache.catalina.core.StandardEngine    : Starting Servlet engine: [Apache Tomcat/10.1.52]
2026-05-15T22:45:24.909+02:00  INFO 1160 --- [jpa3] [           main] o.a.c.c.C.[Tomcat].[localhost].[/]       : Initializing Spring embedded WebApplicationContext
2026-05-15T22:45:24.909+02:00  INFO 1160 --- [jpa3] [           main] w.s.c.ServletWebServerApplicationContext : Root WebApplicationContext: initialization completed in 336 ms
2026-05-15T22:45:24.931+02:00  INFO 1160 --- [jpa3] [           main] o.s.j.d.e.EmbeddedDatabaseFactory        : Starting embedded database: url='jdbc:h2:mem:08e136b6-801e-42f3-88ac-eee2cfaa188e;DB_CLOSE_DELAY=-1;DB_CLOSE_ON_EXIT=false', username='sa'
2026-05-15T22:45:24.951+02:00  INFO 1160 --- [jpa3] [           main] o.hibernate.jpa.internal.util.LogHelper  : HHH000204: Processing PersistenceUnitInfo [name: default]
2026-05-15T22:45:24.954+02:00  INFO 1160 --- [jpa3] [           main] o.h.c.internal.RegionFactoryInitiator    : HHH000026: Second-level cache disabled
2026-05-15T22:45:24.966+02:00  INFO 1160 --- [jpa3] [           main] o.s.o.j.p.SpringPersistenceUnitInfo      : No LoadTimeWeaver setup: ignoring JPA class transformer
2026-05-15T22:45:24.969+02:00  INFO 1160 --- [jpa3] [           main] org.hibernate.orm.connections.pooling    : HHH10001005: Database info:
	Database JDBC URL [Connecting through datasource 'org.springframework.jdbc.datasource.embedded.EmbeddedDatabaseFactory$EmbeddedDataSourceProxy@54372b03']
	Database driver: undefined/unknown
	Database version: 2.3.232
	Autocommit mode: undefined/unknown
	Isolation level: undefined/unknown
	Minimum pool size: undefined/unknown
	Maximum pool size: undefined/unknown
2026-05-15T22:45:25.031+02:00  INFO 1160 --- [jpa3] [           main] o.h.e.t.j.p.i.JtaPlatformInitiator       : HHH000489: No JTA platform available (set 'hibernate.transaction.jta.platform' to enable JTA platform integration)
2026-05-15T22:45:25.046+02:00  INFO 1160 --- [jpa3] [           main] j.LocalContainerEntityManagerFactoryBean : Initialized JPA EntityManagerFactory for persistence unit 'default'
2026-05-15T22:45:25.120+02:00  WARN 1160 --- [jpa3] [           main] JpaBaseConfiguration$JpaWebConfiguration : spring.jpa.open-in-view is enabled by default. Therefore, database queries may be performed during view rendering. Explicitly configure spring.jpa.open-in-view to disable this warning
2026-05-15T22:45:25.181+02:00  INFO 1160 --- [jpa3] [           main] r$InitializeUserDetailsManagerConfigurer : Global AuthenticationManager configured with UserDetailsService bean with name customUserDetailsService
2026-05-15T22:45:25.240+02:00  INFO 1160 --- [jpa3] [           main] o.s.b.a.h2.H2ConsoleAutoConfiguration    : H2 console available at '/h2-console'. Database available at 'jdbc:h2:mem:08e136b6-801e-42f3-88ac-eee2cfaa188e'
2026-05-15T22:45:25.286+02:00  INFO 1160 --- [jpa3] [           main] o.s.b.w.embedded.tomcat.TomcatWebServer  : Tomcat started on port 8080 (http) with context path '/'
2026-05-15T22:45:25.289+02:00  INFO 1160 --- [jpa3] [   scheduling-1] e.c.i.g.p.spring.jpa3.TareasProgramadas  : Tarea de mantenimiento completada.
2026-05-15T22:45:25.289+02:00  INFO 1160 --- [jpa3] [           main] e.c.i.g.p.s.j.E2E.PistaPadelE2EFullTest  : Started PistaPadelE2EFullTest in 0.743 seconds (process running for 12.366)
2026-05-15T22:45:25.421+02:00  INFO 1160 --- [jpa3] [nio-8080-exec-2] o.a.c.c.C.[Tomcat].[localhost].[/]       : Initializing Spring DispatcherServlet 'dispatcherServlet'
2026-05-15T22:45:25.421+02:00  INFO 1160 --- [jpa3] [nio-8080-exec-2] o.s.web.servlet.DispatcherServlet        : Initializing Servlet 'dispatcherServlet'
2026-05-15T22:45:25.421+02:00  INFO 1160 --- [jpa3] [nio-8080-exec-2] o.s.web.servlet.DispatcherServlet        : Completed initialization in 0 ms
2026-05-15T22:45:25.729+02:00  INFO 1160 --- [jpa3] [nio-8080-exec-2] e.c.i.g.p.s.jpa3.service.PistaService    : Creando nueva pista: Pista Disponibilidad
]]></system-out>
  </testcase>
  <testcase name="createReservationTest" classname="edu.comillas.icai.gitt.pat.spring.jpa3.E2E.PistaPadelE2EFullTest" time="1.011">
    <system-out><![CDATA[2026-05-15T22:45:25.819+02:00  INFO 1160 --- [jpa3] [           main] o.s.b.w.e.tomcat.GracefulShutdown        : Commencing graceful shutdown. Waiting for active requests to complete
2026-05-15T22:45:25.827+02:00  INFO 1160 --- [jpa3] [tomcat-shutdown] o.s.b.w.e.tomcat.GracefulShutdown        : Graceful shutdown complete
2026-05-15T22:45:25.829+02:00  INFO 1160 --- [jpa3] [           main] j.LocalContainerEntityManagerFactoryBean : Closing JPA EntityManagerFactory for persistence unit 'default'

  .   ____          _            __ _ _
 /\\ / ___'_ __ _ _(_)_ __  __ _ \ \ \ \
( ( )\___ | '_ | '_| | '_ \/ _` | \ \ \ \
 \\/  ___)| |_)| | | | | || (_| |  ) ) ) )
  '  |____| .__|_| |_|_| |_\__, | / / / /
 =========|_|==============|___/=/_/_/_/

 :: Spring Boot ::      (v3.5.11-SNAPSHOT)

2026-05-15T22:45:25.852+02:00  INFO 1160 --- [jpa3] [           main] e.c.i.g.p.s.j.E2E.PistaPadelE2EFullTest  : Starting PistaPadelE2EFullTest using Java 21.0.10 with PID 1160 (started by lopez in C:\Users\lopez\OneDrive - Universidad Pontificia Comillas\Documentos\comillas\Aplicaciones\ProyectoFINALPAT\FrontEnd-PadelClub)
2026-05-15T22:45:25.852+02:00  INFO 1160 --- [jpa3] [           main] e.c.i.g.p.s.j.E2E.PistaPadelE2EFullTest  : No active profile set, falling back to 1 default profile: "default"
2026-05-15T22:45:26.054+02:00  INFO 1160 --- [jpa3] [           main] .s.d.r.c.RepositoryConfigurationDelegate : Bootstrapping Spring Data JPA repositories in DEFAULT mode.
2026-05-15T22:45:26.076+02:00  INFO 1160 --- [jpa3] [           main] .s.d.r.c.RepositoryConfigurationDelegate : Finished Spring Data repository scanning in 19 ms. Found 4 JPA repository interfaces.
2026-05-15T22:45:26.119+02:00  INFO 1160 --- [jpa3] [           main] beddedDataSourceBeanFactoryPostProcessor : Replacing 'dataSource' DataSource bean with embedded version
2026-05-15T22:45:26.169+02:00  INFO 1160 --- [jpa3] [           main] o.s.b.w.embedded.tomcat.TomcatWebServer  : Tomcat initialized with port 8080 (http)
2026-05-15T22:45:26.170+02:00  INFO 1160 --- [jpa3] [           main] o.apache.catalina.core.StandardService   : Starting service [Tomcat]
2026-05-15T22:45:26.170+02:00  INFO 1160 --- [jpa3] [           main] o.apache.catalina.core.StandardEngine    : Starting Servlet engine: [Apache Tomcat/10.1.52]
2026-05-15T22:45:26.194+02:00  INFO 1160 --- [jpa3] [           main] o.a.c.c.C.[Tomcat].[localhost].[/]       : Initializing Spring embedded WebApplicationContext
2026-05-15T22:45:26.195+02:00  INFO 1160 --- [jpa3] [           main] w.s.c.ServletWebServerApplicationContext : Root WebApplicationContext: initialization completed in 341 ms
2026-05-15T22:45:26.215+02:00  INFO 1160 --- [jpa3] [           main] o.s.j.d.e.EmbeddedDatabaseFactory        : Starting embedded database: url='jdbc:h2:mem:174ff830-d78b-49ae-96a3-c49a60501918;DB_CLOSE_DELAY=-1;DB_CLOSE_ON_EXIT=false', username='sa'
2026-05-15T22:45:26.232+02:00  INFO 1160 --- [jpa3] [           main] o.hibernate.jpa.internal.util.LogHelper  : HHH000204: Processing PersistenceUnitInfo [name: default]
2026-05-15T22:45:26.235+02:00  INFO 1160 --- [jpa3] [           main] o.h.c.internal.RegionFactoryInitiator    : HHH000026: Second-level cache disabled
2026-05-15T22:45:26.245+02:00  INFO 1160 --- [jpa3] [           main] o.s.o.j.p.SpringPersistenceUnitInfo      : No LoadTimeWeaver setup: ignoring JPA class transformer
2026-05-15T22:45:26.247+02:00  INFO 1160 --- [jpa3] [           main] org.hibernate.orm.connections.pooling    : HHH10001005: Database info:
	Database JDBC URL [Connecting through datasource 'org.springframework.jdbc.datasource.embedded.EmbeddedDatabaseFactory$EmbeddedDataSourceProxy@7ad4085c']
	Database driver: undefined/unknown
	Database version: 2.3.232
	Autocommit mode: undefined/unknown
	Isolation level: undefined/unknown
	Minimum pool size: undefined/unknown
	Maximum pool size: undefined/unknown
2026-05-15T22:45:26.302+02:00  INFO 1160 --- [jpa3] [           main] o.h.e.t.j.p.i.JtaPlatformInitiator       : HHH000489: No JTA platform available (set 'hibernate.transaction.jta.platform' to enable JTA platform integration)
2026-05-15T22:45:26.314+02:00  INFO 1160 --- [jpa3] [           main] j.LocalContainerEntityManagerFactoryBean : Initialized JPA EntityManagerFactory for persistence unit 'default'
2026-05-15T22:45:26.380+02:00  WARN 1160 --- [jpa3] [           main] JpaBaseConfiguration$JpaWebConfiguration : spring.jpa.open-in-view is enabled by default. Therefore, database queries may be performed during view rendering. Explicitly configure spring.jpa.open-in-view to disable this warning
2026-05-15T22:45:26.439+02:00  INFO 1160 --- [jpa3] [           main] r$InitializeUserDetailsManagerConfigurer : Global AuthenticationManager configured with UserDetailsService bean with name customUserDetailsService
2026-05-15T22:45:26.512+02:00  INFO 1160 --- [jpa3] [           main] o.s.b.a.h2.H2ConsoleAutoConfiguration    : H2 console available at '/h2-console'. Database available at 'jdbc:h2:mem:174ff830-d78b-49ae-96a3-c49a60501918'
2026-05-15T22:45:26.551+02:00  INFO 1160 --- [jpa3] [           main] o.s.b.w.embedded.tomcat.TomcatWebServer  : Tomcat started on port 8080 (http) with context path '/'
2026-05-15T22:45:26.557+02:00  INFO 1160 --- [jpa3] [   scheduling-1] e.c.i.g.p.spring.jpa3.TareasProgramadas  : Tarea de mantenimiento completada.
2026-05-15T22:45:26.557+02:00  INFO 1160 --- [jpa3] [           main] e.c.i.g.p.s.j.E2E.PistaPadelE2EFullTest  : Started PistaPadelE2EFullTest in 0.722 seconds (process running for 13.633)
2026-05-15T22:45:26.567+02:00  INFO 1160 --- [jpa3] [nio-8080-exec-1] o.a.c.c.C.[Tomcat].[localhost].[/]       : Initializing Spring DispatcherServlet 'dispatcherServlet'
2026-05-15T22:45:26.567+02:00  INFO 1160 --- [jpa3] [nio-8080-exec-1] o.s.web.servlet.DispatcherServlet        : Initializing Servlet 'dispatcherServlet'
2026-05-15T22:45:26.567+02:00  INFO 1160 --- [jpa3] [nio-8080-exec-1] o.s.web.servlet.DispatcherServlet        : Completed initialization in 0 ms
2026-05-15T22:45:26.646+02:00  INFO 1160 --- [jpa3] [nio-8080-exec-1] e.c.i.g.p.s.jpa3.service.UsuarioService  : Usuario User registrado correctamente
2026-05-15T22:45:26.726+02:00  INFO 1160 --- [jpa3] [nio-8080-exec-2] e.c.i.g.p.s.jpa3.service.PistaService    : Creando nueva pista: Pista Test 2
2026-05-15T22:45:26.817+02:00  INFO 1160 --- [jpa3] [nio-8080-exec-3] e.c.i.g.p.s.jpa3.service.ReservaService  : Reserva ID 1 creada con éxito
2026-05-15T22:45:26.818+02:00  INFO 1160 --- [jpa3] [nio-8080-exec-3] e.c.i.g.p.s.jpa3.service.EmailService    : ENVIANDO EMAIL A: usertest1@email.com
2026-05-15T22:45:26.818+02:00  INFO 1160 --- [jpa3] [nio-8080-exec-3] e.c.i.g.p.s.jpa3.service.EmailService    : Cuerpo: Estimado User, su reserva para la pista null el día 2026-03-10 ha sido confirmada.
]]></system-out>
  </testcase>
  <testcase name="createCourtTest" classname="edu.comillas.icai.gitt.pat.spring.jpa3.E2E.PistaPadelE2EFullTest" time="0.734">
    <system-out><![CDATA[2026-05-15T22:45:26.831+02:00  INFO 1160 --- [jpa3] [           main] o.s.b.w.e.tomcat.GracefulShutdown        : Commencing graceful shutdown. Waiting for active requests to complete
2026-05-15T22:45:26.839+02:00  INFO 1160 --- [jpa3] [tomcat-shutdown] o.s.b.w.e.tomcat.GracefulShutdown        : Graceful shutdown complete
2026-05-15T22:45:26.841+02:00  INFO 1160 --- [jpa3] [           main] j.LocalContainerEntityManagerFactoryBean : Closing JPA EntityManagerFactory for persistence unit 'default'

  .   ____          _            __ _ _
 /\\ / ___'_ __ _ _(_)_ __  __ _ \ \ \ \
( ( )\___ | '_ | '_| | '_ \/ _` | \ \ \ \
 \\/  ___)| |_)| | | | | || (_| |  ) ) ) )
  '  |____| .__|_| |_|_| |_\__, | / / / /
 =========|_|==============|___/=/_/_/_/

 :: Spring Boot ::      (v3.5.11-SNAPSHOT)

2026-05-15T22:45:26.866+02:00  INFO 1160 --- [jpa3] [           main] e.c.i.g.p.s.j.E2E.PistaPadelE2EFullTest  : Starting PistaPadelE2EFullTest using Java 21.0.10 with PID 1160 (started by lopez in C:\Users\lopez\OneDrive - Universidad Pontificia Comillas\Documentos\comillas\Aplicaciones\ProyectoFINALPAT\FrontEnd-PadelClub)
2026-05-15T22:45:26.866+02:00  INFO 1160 --- [jpa3] [           main] e.c.i.g.p.s.j.E2E.PistaPadelE2EFullTest  : No active profile set, falling back to 1 default profile: "default"
2026-05-15T22:45:27.030+02:00  INFO 1160 --- [jpa3] [           main] .s.d.r.c.RepositoryConfigurationDelegate : Bootstrapping Spring Data JPA repositories in DEFAULT mode.
2026-05-15T22:45:27.050+02:00  INFO 1160 --- [jpa3] [           main] .s.d.r.c.RepositoryConfigurationDelegate : Finished Spring Data repository scanning in 18 ms. Found 4 JPA repository interfaces.
2026-05-15T22:45:27.083+02:00  INFO 1160 --- [jpa3] [           main] beddedDataSourceBeanFactoryPostProcessor : Replacing 'dataSource' DataSource bean with embedded version
2026-05-15T22:45:27.127+02:00  INFO 1160 --- [jpa3] [           main] o.s.b.w.embedded.tomcat.TomcatWebServer  : Tomcat initialized with port 8080 (http)
2026-05-15T22:45:27.128+02:00  INFO 1160 --- [jpa3] [           main] o.apache.catalina.core.StandardService   : Starting service [Tomcat]
2026-05-15T22:45:27.128+02:00  INFO 1160 --- [jpa3] [           main] o.apache.catalina.core.StandardEngine    : Starting Servlet engine: [Apache Tomcat/10.1.52]
2026-05-15T22:45:27.150+02:00  INFO 1160 --- [jpa3] [           main] o.a.c.c.C.[Tomcat].[localhost].[/]       : Initializing Spring embedded WebApplicationContext
2026-05-15T22:45:27.150+02:00  INFO 1160 --- [jpa3] [           main] w.s.c.ServletWebServerApplicationContext : Root WebApplicationContext: initialization completed in 283 ms
2026-05-15T22:45:27.170+02:00  INFO 1160 --- [jpa3] [           main] o.s.j.d.e.EmbeddedDatabaseFactory        : Starting embedded database: url='jdbc:h2:mem:b10409f5-cf15-4bef-81ff-30cb481a90c0;DB_CLOSE_DELAY=-1;DB_CLOSE_ON_EXIT=false', username='sa'
2026-05-15T22:45:27.188+02:00  INFO 1160 --- [jpa3] [           main] o.hibernate.jpa.internal.util.LogHelper  : HHH000204: Processing PersistenceUnitInfo [name: default]
2026-05-15T22:45:27.191+02:00  INFO 1160 --- [jpa3] [           main] o.h.c.internal.RegionFactoryInitiator    : HHH000026: Second-level cache disabled
2026-05-15T22:45:27.203+02:00  INFO 1160 --- [jpa3] [           main] o.s.o.j.p.SpringPersistenceUnitInfo      : No LoadTimeWeaver setup: ignoring JPA class transformer
2026-05-15T22:45:27.206+02:00  INFO 1160 --- [jpa3] [           main] org.hibernate.orm.connections.pooling    : HHH10001005: Database info:
	Database JDBC URL [Connecting through datasource 'org.springframework.jdbc.datasource.embedded.EmbeddedDatabaseFactory$EmbeddedDataSourceProxy@4cfa8095']
	Database driver: undefined/unknown
	Database version: 2.3.232
	Autocommit mode: undefined/unknown
	Isolation level: undefined/unknown
	Minimum pool size: undefined/unknown
	Maximum pool size: undefined/unknown
2026-05-15T22:45:27.256+02:00  INFO 1160 --- [jpa3] [           main] o.h.e.t.j.p.i.JtaPlatformInitiator       : HHH000489: No JTA platform available (set 'hibernate.transaction.jta.platform' to enable JTA platform integration)
2026-05-15T22:45:27.268+02:00  INFO 1160 --- [jpa3] [           main] j.LocalContainerEntityManagerFactoryBean : Initialized JPA EntityManagerFactory for persistence unit 'default'
2026-05-15T22:45:27.335+02:00  WARN 1160 --- [jpa3] [           main] JpaBaseConfiguration$JpaWebConfiguration : spring.jpa.open-in-view is enabled by default. Therefore, database queries may be performed during view rendering. Explicitly configure spring.jpa.open-in-view to disable this warning
2026-05-15T22:45:27.388+02:00  INFO 1160 --- [jpa3] [           main] r$InitializeUserDetailsManagerConfigurer : Global AuthenticationManager configured with UserDetailsService bean with name customUserDetailsService
2026-05-15T22:45:27.439+02:00  INFO 1160 --- [jpa3] [           main] o.s.b.a.h2.H2ConsoleAutoConfiguration    : H2 console available at '/h2-console'. Database available at 'jdbc:h2:mem:b10409f5-cf15-4bef-81ff-30cb481a90c0'
2026-05-15T22:45:27.472+02:00  INFO 1160 --- [jpa3] [           main] o.s.b.w.embedded.tomcat.TomcatWebServer  : Tomcat started on port 8080 (http) with context path '/'
2026-05-15T22:45:27.475+02:00  INFO 1160 --- [jpa3] [   scheduling-1] e.c.i.g.p.spring.jpa3.TareasProgramadas  : Tarea de mantenimiento completada.
2026-05-15T22:45:27.475+02:00  INFO 1160 --- [jpa3] [           main] e.c.i.g.p.s.j.E2E.PistaPadelE2EFullTest  : Started PistaPadelE2EFullTest in 0.626 seconds (process running for 14.551)
2026-05-15T22:45:27.483+02:00  INFO 1160 --- [jpa3] [nio-8080-exec-1] o.a.c.c.C.[Tomcat].[localhost].[/]       : Initializing Spring DispatcherServlet 'dispatcherServlet'
2026-05-15T22:45:27.483+02:00  INFO 1160 --- [jpa3] [nio-8080-exec-1] o.s.web.servlet.DispatcherServlet        : Initializing Servlet 'dispatcherServlet'
2026-05-15T22:45:27.483+02:00  INFO 1160 --- [jpa3] [nio-8080-exec-1] o.s.web.servlet.DispatcherServlet        : Completed initialization in 0 ms
2026-05-15T22:45:27.553+02:00  INFO 1160 --- [jpa3] [nio-8080-exec-1] e.c.i.g.p.s.jpa3.service.PistaService    : Creando nueva pista: Pista Test 1
]]></system-out>
  </testcase>
  <testcase name="reservationConflictTest" classname="edu.comillas.icai.gitt.pat.spring.jpa3.E2E.PistaPadelE2EFullTest" time="1.012">
    <system-out><![CDATA[2026-05-15T22:45:27.568+02:00  INFO 1160 --- [jpa3] [           main] o.s.b.w.e.tomcat.GracefulShutdown        : Commencing graceful shutdown. Waiting for active requests to complete
2026-05-15T22:45:27.576+02:00  INFO 1160 --- [jpa3] [tomcat-shutdown] o.s.b.w.e.tomcat.GracefulShutdown        : Graceful shutdown complete
2026-05-15T22:45:27.579+02:00  INFO 1160 --- [jpa3] [           main] j.LocalContainerEntityManagerFactoryBean : Closing JPA EntityManagerFactory for persistence unit 'default'

  .   ____          _            __ _ _
 /\\ / ___'_ __ _ _(_)_ __  __ _ \ \ \ \
( ( )\___ | '_ | '_| | '_ \/ _` | \ \ \ \
 \\/  ___)| |_)| | | | | || (_| |  ) ) ) )
  '  |____| .__|_| |_|_| |_\__, | / / / /
 =========|_|==============|___/=/_/_/_/

 :: Spring Boot ::      (v3.5.11-SNAPSHOT)

2026-05-15T22:45:27.609+02:00  INFO 1160 --- [jpa3] [           main] e.c.i.g.p.s.j.E2E.PistaPadelE2EFullTest  : Starting PistaPadelE2EFullTest using Java 21.0.10 with PID 1160 (started by lopez in C:\Users\lopez\OneDrive - Universidad Pontificia Comillas\Documentos\comillas\Aplicaciones\ProyectoFINALPAT\FrontEnd-PadelClub)
2026-05-15T22:45:27.609+02:00  INFO 1160 --- [jpa3] [           main] e.c.i.g.p.s.j.E2E.PistaPadelE2EFullTest  : No active profile set, falling back to 1 default profile: "default"
2026-05-15T22:45:27.782+02:00  INFO 1160 --- [jpa3] [           main] .s.d.r.c.RepositoryConfigurationDelegate : Bootstrapping Spring Data JPA repositories in DEFAULT mode.
2026-05-15T22:45:27.799+02:00  INFO 1160 --- [jpa3] [           main] .s.d.r.c.RepositoryConfigurationDelegate : Finished Spring Data repository scanning in 15 ms. Found 4 JPA repository interfaces.
2026-05-15T22:45:27.827+02:00  INFO 1160 --- [jpa3] [           main] beddedDataSourceBeanFactoryPostProcessor : Replacing 'dataSource' DataSource bean with embedded version
2026-05-15T22:45:27.865+02:00  INFO 1160 --- [jpa3] [           main] o.s.b.w.embedded.tomcat.TomcatWebServer  : Tomcat initialized with port 8080 (http)
2026-05-15T22:45:27.866+02:00  INFO 1160 --- [jpa3] [           main] o.apache.catalina.core.StandardService   : Starting service [Tomcat]
2026-05-15T22:45:27.866+02:00  INFO 1160 --- [jpa3] [           main] o.apache.catalina.core.StandardEngine    : Starting Servlet engine: [Apache Tomcat/10.1.52]
2026-05-15T22:45:27.886+02:00  INFO 1160 --- [jpa3] [           main] o.a.c.c.C.[Tomcat].[localhost].[/]       : Initializing Spring embedded WebApplicationContext
2026-05-15T22:45:27.886+02:00  INFO 1160 --- [jpa3] [           main] w.s.c.ServletWebServerApplicationContext : Root WebApplicationContext: initialization completed in 275 ms
2026-05-15T22:45:27.903+02:00  INFO 1160 --- [jpa3] [           main] o.s.j.d.e.EmbeddedDatabaseFactory        : Starting embedded database: url='jdbc:h2:mem:51c9e79e-9beb-4b38-a18d-7bfdf6692fc1;DB_CLOSE_DELAY=-1;DB_CLOSE_ON_EXIT=false', username='sa'
2026-05-15T22:45:27.917+02:00  INFO 1160 --- [jpa3] [           main] o.hibernate.jpa.internal.util.LogHelper  : HHH000204: Processing PersistenceUnitInfo [name: default]
2026-05-15T22:45:27.920+02:00  INFO 1160 --- [jpa3] [           main] o.h.c.internal.RegionFactoryInitiator    : HHH000026: Second-level cache disabled
2026-05-15T22:45:27.929+02:00  INFO 1160 --- [jpa3] [           main] o.s.o.j.p.SpringPersistenceUnitInfo      : No LoadTimeWeaver setup: ignoring JPA class transformer
2026-05-15T22:45:27.930+02:00  INFO 1160 --- [jpa3] [           main] org.hibernate.orm.connections.pooling    : HHH10001005: Database info:
	Database JDBC URL [Connecting through datasource 'org.springframework.jdbc.datasource.embedded.EmbeddedDatabaseFactory$EmbeddedDataSourceProxy@5642ab4f']
	Database driver: undefined/unknown
	Database version: 2.3.232
	Autocommit mode: undefined/unknown
	Isolation level: undefined/unknown
	Minimum pool size: undefined/unknown
	Maximum pool size: undefined/unknown
2026-05-15T22:45:27.972+02:00  INFO 1160 --- [jpa3] [           main] o.h.e.t.j.p.i.JtaPlatformInitiator       : HHH000489: No JTA platform available (set 'hibernate.transaction.jta.platform' to enable JTA platform integration)
2026-05-15T22:45:27.982+02:00  INFO 1160 --- [jpa3] [           main] j.LocalContainerEntityManagerFactoryBean : Initialized JPA EntityManagerFactory for persistence unit 'default'
2026-05-15T22:45:28.053+02:00  WARN 1160 --- [jpa3] [           main] JpaBaseConfiguration$JpaWebConfiguration : spring.jpa.open-in-view is enabled by default. Therefore, database queries may be performed during view rendering. Explicitly configure spring.jpa.open-in-view to disable this warning
2026-05-15T22:45:28.119+02:00  INFO 1160 --- [jpa3] [           main] r$InitializeUserDetailsManagerConfigurer : Global AuthenticationManager configured with UserDetailsService bean with name customUserDetailsService
2026-05-15T22:45:28.183+02:00  INFO 1160 --- [jpa3] [           main] o.s.b.a.h2.H2ConsoleAutoConfiguration    : H2 console available at '/h2-console'. Database available at 'jdbc:h2:mem:51c9e79e-9beb-4b38-a18d-7bfdf6692fc1'
2026-05-15T22:45:28.224+02:00  INFO 1160 --- [jpa3] [           main] o.s.b.w.embedded.tomcat.TomcatWebServer  : Tomcat started on port 8080 (http) with context path '/'
2026-05-15T22:45:28.227+02:00  INFO 1160 --- [jpa3] [   scheduling-1] e.c.i.g.p.spring.jpa3.TareasProgramadas  : Tarea de mantenimiento completada.
2026-05-15T22:45:28.227+02:00  INFO 1160 --- [jpa3] [           main] e.c.i.g.p.s.j.E2E.PistaPadelE2EFullTest  : Started PistaPadelE2EFullTest in 0.64 seconds (process running for 15.303)
2026-05-15T22:45:28.237+02:00  INFO 1160 --- [jpa3] [nio-8080-exec-1] o.a.c.c.C.[Tomcat].[localhost].[/]       : Initializing Spring DispatcherServlet 'dispatcherServlet'
2026-05-15T22:45:28.237+02:00  INFO 1160 --- [jpa3] [nio-8080-exec-1] o.s.web.servlet.DispatcherServlet        : Initializing Servlet 'dispatcherServlet'
2026-05-15T22:45:28.237+02:00  INFO 1160 --- [jpa3] [nio-8080-exec-1] o.s.web.servlet.DispatcherServlet        : Completed initialization in 0 ms
2026-05-15T22:45:28.317+02:00  INFO 1160 --- [jpa3] [nio-8080-exec-1] e.c.i.g.p.s.jpa3.service.UsuarioService  : Usuario User registrado correctamente
2026-05-15T22:45:28.397+02:00  INFO 1160 --- [jpa3] [nio-8080-exec-2] e.c.i.g.p.s.jpa3.service.PistaService    : Creando nueva pista: Pista Test 3
2026-05-15T22:45:28.478+02:00  INFO 1160 --- [jpa3] [nio-8080-exec-5] e.c.i.g.p.s.jpa3.service.ReservaService  : Reserva ID 1 creada con éxito
2026-05-15T22:45:28.478+02:00  INFO 1160 --- [jpa3] [nio-8080-exec-5] e.c.i.g.p.s.jpa3.service.EmailService    : ENVIANDO EMAIL A: usertest2@email.com
2026-05-15T22:45:28.478+02:00  INFO 1160 --- [jpa3] [nio-8080-exec-5] e.c.i.g.p.s.jpa3.service.EmailService    : Cuerpo: Estimado User, su reserva para la pista null el día 2026-03-10 ha sido confirmada.
]]></system-out>
  </testcase>
  <testcase name="getReservationsTest" classname="edu.comillas.icai.gitt.pat.spring.jpa3.E2E.PistaPadelE2EFullTest" time="0.821">
    <system-out><![CDATA[2026-05-15T22:45:28.581+02:00  INFO 1160 --- [jpa3] [           main] o.s.b.w.e.tomcat.GracefulShutdown        : Commencing graceful shutdown. Waiting for active requests to complete
2026-05-15T22:45:28.591+02:00  INFO 1160 --- [jpa3] [tomcat-shutdown] o.s.b.w.e.tomcat.GracefulShutdown        : Graceful shutdown complete
2026-05-15T22:45:28.593+02:00  INFO 1160 --- [jpa3] [           main] j.LocalContainerEntityManagerFactoryBean : Closing JPA EntityManagerFactory for persistence unit 'default'

  .   ____          _            __ _ _
 /\\ / ___'_ __ _ _(_)_ __  __ _ \ \ \ \
( ( )\___ | '_ | '_| | '_ \/ _` | \ \ \ \
 \\/  ___)| |_)| | | | | || (_| |  ) ) ) )
  '  |____| .__|_| |_|_| |_\__, | / / / /
 =========|_|==============|___/=/_/_/_/

 :: Spring Boot ::      (v3.5.11-SNAPSHOT)

2026-05-15T22:45:28.615+02:00  INFO 1160 --- [jpa3] [           main] e.c.i.g.p.s.j.E2E.PistaPadelE2EFullTest  : Starting PistaPadelE2EFullTest using Java 21.0.10 with PID 1160 (started by lopez in C:\Users\lopez\OneDrive - Universidad Pontificia Comillas\Documentos\comillas\Aplicaciones\ProyectoFINALPAT\FrontEnd-PadelClub)
2026-05-15T22:45:28.616+02:00  INFO 1160 --- [jpa3] [           main] e.c.i.g.p.s.j.E2E.PistaPadelE2EFullTest  : No active profile set, falling back to 1 default profile: "default"
2026-05-15T22:45:28.760+02:00  INFO 1160 --- [jpa3] [           main] .s.d.r.c.RepositoryConfigurationDelegate : Bootstrapping Spring Data JPA repositories in DEFAULT mode.
2026-05-15T22:45:28.776+02:00  INFO 1160 --- [jpa3] [           main] .s.d.r.c.RepositoryConfigurationDelegate : Finished Spring Data repository scanning in 15 ms. Found 4 JPA repository interfaces.
2026-05-15T22:45:28.814+02:00  INFO 1160 --- [jpa3] [           main] beddedDataSourceBeanFactoryPostProcessor : Replacing 'dataSource' DataSource bean with embedded version
2026-05-15T22:45:28.859+02:00  INFO 1160 --- [jpa3] [           main] o.s.b.w.embedded.tomcat.TomcatWebServer  : Tomcat initialized with port 8080 (http)
2026-05-15T22:45:28.860+02:00  INFO 1160 --- [jpa3] [           main] o.apache.catalina.core.StandardService   : Starting service [Tomcat]
2026-05-15T22:45:28.860+02:00  INFO 1160 --- [jpa3] [           main] o.apache.catalina.core.StandardEngine    : Starting Servlet engine: [Apache Tomcat/10.1.52]
2026-05-15T22:45:28.882+02:00  INFO 1160 --- [jpa3] [           main] o.a.c.c.C.[Tomcat].[localhost].[/]       : Initializing Spring embedded WebApplicationContext
2026-05-15T22:45:28.883+02:00  INFO 1160 --- [jpa3] [           main] w.s.c.ServletWebServerApplicationContext : Root WebApplicationContext: initialization completed in 266 ms
2026-05-15T22:45:28.907+02:00  INFO 1160 --- [jpa3] [           main] o.s.j.d.e.EmbeddedDatabaseFactory        : Starting embedded database: url='jdbc:h2:mem:fea57ff8-f678-4ad1-a648-d72fd066d0be;DB_CLOSE_DELAY=-1;DB_CLOSE_ON_EXIT=false', username='sa'
2026-05-15T22:45:28.928+02:00  INFO 1160 --- [jpa3] [           main] o.hibernate.jpa.internal.util.LogHelper  : HHH000204: Processing PersistenceUnitInfo [name: default]
2026-05-15T22:45:28.930+02:00  INFO 1160 --- [jpa3] [           main] o.h.c.internal.RegionFactoryInitiator    : HHH000026: Second-level cache disabled
2026-05-15T22:45:28.939+02:00  INFO 1160 --- [jpa3] [           main] o.s.o.j.p.SpringPersistenceUnitInfo      : No LoadTimeWeaver setup: ignoring JPA class transformer
2026-05-15T22:45:28.941+02:00  INFO 1160 --- [jpa3] [           main] org.hibernate.orm.connections.pooling    : HHH10001005: Database info:
	Database JDBC URL [Connecting through datasource 'org.springframework.jdbc.datasource.embedded.EmbeddedDatabaseFactory$EmbeddedDataSourceProxy@37c3c6ab']
	Database driver: undefined/unknown
	Database version: 2.3.232
	Autocommit mode: undefined/unknown
	Isolation level: undefined/unknown
	Minimum pool size: undefined/unknown
	Maximum pool size: undefined/unknown
2026-05-15T22:45:28.983+02:00  INFO 1160 --- [jpa3] [           main] o.h.e.t.j.p.i.JtaPlatformInitiator       : HHH000489: No JTA platform available (set 'hibernate.transaction.jta.platform' to enable JTA platform integration)
2026-05-15T22:45:28.992+02:00  INFO 1160 --- [jpa3] [           main] j.LocalContainerEntityManagerFactoryBean : Initialized JPA EntityManagerFactory for persistence unit 'default'
2026-05-15T22:45:29.053+02:00  WARN 1160 --- [jpa3] [           main] JpaBaseConfiguration$JpaWebConfiguration : spring.jpa.open-in-view is enabled by default. Therefore, database queries may be performed during view rendering. Explicitly configure spring.jpa.open-in-view to disable this warning
2026-05-15T22:45:29.102+02:00  INFO 1160 --- [jpa3] [           main] r$InitializeUserDetailsManagerConfigurer : Global AuthenticationManager configured with UserDetailsService bean with name customUserDetailsService
2026-05-15T22:45:29.146+02:00  INFO 1160 --- [jpa3] [           main] o.s.b.a.h2.H2ConsoleAutoConfiguration    : H2 console available at '/h2-console'. Database available at 'jdbc:h2:mem:fea57ff8-f678-4ad1-a648-d72fd066d0be'
2026-05-15T22:45:29.175+02:00  INFO 1160 --- [jpa3] [           main] o.s.b.w.embedded.tomcat.TomcatWebServer  : Tomcat started on port 8080 (http) with context path '/'
2026-05-15T22:45:29.177+02:00  INFO 1160 --- [jpa3] [           main] e.c.i.g.p.s.j.E2E.PistaPadelE2EFullTest  : Started PistaPadelE2EFullTest in 0.578 seconds (process running for 16.254)
2026-05-15T22:45:29.177+02:00  INFO 1160 --- [jpa3] [   scheduling-1] e.c.i.g.p.spring.jpa3.TareasProgramadas  : Tarea de mantenimiento completada.
2026-05-15T22:45:29.186+02:00  INFO 1160 --- [jpa3] [nio-8080-exec-1] o.a.c.c.C.[Tomcat].[localhost].[/]       : Initializing Spring DispatcherServlet 'dispatcherServlet'
2026-05-15T22:45:29.186+02:00  INFO 1160 --- [jpa3] [nio-8080-exec-1] o.s.web.servlet.DispatcherServlet        : Initializing Servlet 'dispatcherServlet'
2026-05-15T22:45:29.186+02:00  INFO 1160 --- [jpa3] [nio-8080-exec-1] o.s.web.servlet.DispatcherServlet        : Completed initialization in 0 ms
2026-05-15T22:45:29.256+02:00  INFO 1160 --- [jpa3] [nio-8080-exec-1] e.c.i.g.p.s.jpa3.service.UsuarioService  : Usuario User registrado correctamente
]]></system-out>
  </testcase>
</testsuite>